# JRE version: OpenJDK Runtime Environment (17.0.6) (build 17.0.6+0-b2043.56-10027231)
# Java VM: OpenJDK 64-Bit Server VM (17.0.6+0-b2043.56-10027231, mixed mode, tiered, compressed oops, compressed class ptrs, g1 gc, windows-amd64)
GC Precious Log:
 CPUs: 8 total, 8 available
 Memory: 7915M
 Large Page Support: Disabled
 NUMA Support: Disabled
 Compressed Oops: Enabled (32-bit)
 Heap Region Size: 1M
 Heap Min Capacity: 8M
 Heap Initial Capacity: 124M
 Heap Max Capacity: 2G
 Pre-touch: Disabled
 Parallel Workers: 8
 Concurrent Workers: 2
 Concurrent Refinement Workers: 8
 Periodic GC: Disabled
Heap:
 garbage-first heap   total 427008K, used 139547K [0x0000000080000000, 0x0000000100000000)
  region size 1024K, 3 young (3072K), 3 survivors (3072K)
 Metaspace       used 140942K, committed 142208K, reserved 1179648K
  class space    used 18697K, committed 19328K, reserved 1048576K
GC Heap History (20 events):
Event: 2527.571 GC heap after
{Heap after GC invocations=74 (full 0):
 garbage-first heap   total 427008K, used 105958K [0x0000000080000000, 0x0000000100000000)
  region size 1024K, 2 young (2048K), 2 survivors (2048K)
 Metaspace       used 137969K, committed 139200K, reserved 1171456K
  class space    used 18540K, committed 19072K, reserved 1048576K
}
Event: 2530.125 GC heap before
{Heap before GC invocations=74 (full 0):
 garbage-first heap   total 427008K, used 133606K [0x0000000080000000, 0x0000000100000000)
  region size 1024K, 31 young (31744K), 2 survivors (2048K)
 Metaspace       used 138160K, committed 139392K, reserved 1171456K
  class space    used 18569K, committed 19136K, reserved 1048576K
}
Event: 2530.179 GC heap after
{Heap after GC invocations=75 (full 0):
 garbage-first heap   total 427008K, used 109843K [0x0000000080000000, 0x0000000100000000)
  region size 1024K, 6 young (6144K), 6 survivors (6144K)
 Metaspace       used 138160K, committed 139392K, reserved 1171456K
  class space    used 18569K, committed 19136K, reserved 1048576K
}
Event: 2538.354 GC heap before
{Heap before GC invocations=76 (full 0):
 garbage-first heap   total 427008K, used 232723K [0x0000000080000000, 0x0000000100000000)
  region size 1024K, 108 young (110592K), 6 survivors (6144K)
 Metaspace       used 138353K, committed 139584K, reserved 1171456K
  class space    used 18574K, committed 19136K, reserved 1048576K
}
Event: 2538.379 GC heap after
{Heap after GC invocations=77 (full 0):
 garbage-first heap   total 427008K, used 114059K [0x0000000080000000, 0x0000000100000000)
  region size 1024K, 10 young (10240K), 10 survivors (10240K)
 Metaspace       used 138353K, committed 139584K, reserved 1171456K
  class space    used 18574K, committed 19136K, reserved 1048576K
}
Event: 2538.659 GC heap before
{Heap before GC invocations=77 (full 0):
 garbage-first heap   total 427008K, used 123275K [0x0000000080000000, 0x0000000100000000)
  region size 1024K, 20 young (20480K), 10 survivors (10240K)
 Metaspace       used 138877K, committed 140096K, reserved 1171456K
  class space    used 18639K, committed 19200K, reserved 1048576K
}
Event: 2538.705 GC heap after
{Heap after GC invocations=78 (full 0):
 garbage-first heap   total 427008K, used 108819K [0x0000000080000000, 0x0000000100000000)
  region size 1024K, 2 young (2048K), 2 survivors (2048K)
 Metaspace       used 138877K, committed 140096K, reserved 1171456K
  class space    used 18639K, committed 19200K, reserved 1048576K
}
Event: 2538.875 GC heap before
{Heap before GC invocations=78 (full 0):
 garbage-first heap   total 427008K, used 117011K [0x0000000080000000, 0x0000000100000000)
  region size 1024K, 11 young (11264K), 2 survivors (2048K)
 Metaspace       used 138931K, committed 140160K, reserved 1171456K
  class space    used 18639K, committed 19200K, reserved 1048576K
}
Event: 2538.879 GC heap after
{Heap after GC invocations=79 (full 0):
 garbage-first heap   total 427008K, used 110515K [0x0000000080000000, 0x0000000100000000)
  region size 1024K, 4 young (4096K), 4 survivors (4096K)
 Metaspace       used 138931K, committed 140160K, reserved 1171456K
  class space    used 18639K, committed 19200K, reserved 1048576K
}
Event: 2818.010 GC heap before
{Heap before GC invocations=80 (full 0):
 garbage-first heap   total 416768K, used 378803K [0x0000000080000000, 0x0000000100000000)
  region size 1024K, 234 young (239616K), 4 survivors (4096K)
 Metaspace       used 140659K, committed 141952K, reserved 1179648K
  class space    used 18696K, committed 19328K, reserved 1048576K
}
Event: 2818.124 GC heap after
{Heap after GC invocations=81 (full 0):
 garbage-first heap   total 416768K, used 130145K [0x0000000080000000, 0x0000000100000000)
  region size 1024K, 21 young (21504K), 21 survivors (21504K)
 Metaspace       used 140659K, committed 141952K, reserved 1179648K
  class space    used 18696K, committed 19328K, reserved 1048576K
}
Event: 2818.141 GC heap before
{Heap before GC invocations=81 (full 0):
 garbage-first heap   total 416768K, used 131169K [0x0000000080000000, 0x0000000100000000)
  region size 1024K, 22 young (22528K), 21 survivors (21504K)
 Metaspace       used 140659K, committed 141952K, reserved 1179648K
  class space    used 18696K, committed 19328K, reserved 1048576K
}
Event: 2818.248 GC heap after
{Heap after GC invocations=82 (full 0):
 garbage-first heap   total 416768K, used 126123K [0x0000000080000000, 0x0000000100000000)
  region size 1024K, 3 young (3072K), 3 survivors (3072K)
 Metaspace       used 140659K, committed 141952K, reserved 1179648K
  class space    used 18696K, committed 19328K, reserved 1048576K
}
Event: 2818.599 GC heap before
{Heap before GC invocations=82 (full 0):
 garbage-first heap   total 416768K, used 147627K [0x0000000080000000, 0x0000000100000000)
  region size 1024K, 26 young (26624K), 3 survivors (3072K)
 Metaspace       used 140680K, committed 141952K, reserved 1179648K
  class space    used 18696K, committed 19328K, reserved 1048576K
}
Event: 2818.628 GC heap after
{Heap after GC invocations=83 (full 0):
 garbage-first heap   total 416768K, used 134127K [0x0000000080000000, 0x0000000100000000)
  region size 1024K, 11 young (11264K), 11 survivors (11264K)
 Metaspace       used 140680K, committed 141952K, reserved 1179648K
  class space    used 18696K, committed 19328K, reserved 1048576K
}
Event: 2825.992 GC heap before
{Heap before GC invocations=84 (full 0):
 garbage-first heap   total 416768K, used 240763K [0x0000000080000000, 0x0000000100000000)
  region size 1024K, 98 young (100352K), 11 survivors (11264K)
 Metaspace       used 140746K, committed 142016K, reserved 1179648K
  class space    used 18696K, committed 19328K, reserved 1048576K
}
Event: 2826.030 GC heap after
{Heap after GC invocations=85 (full 0):
 garbage-first heap   total 416768K, used 143456K [0x0000000080000000, 0x0000000100000000)
  region size 1024K, 13 young (13312K), 13 survivors (13312K)
 Metaspace       used 140746K, committed 142016K, reserved 1179648K
  class space    used 18696K, committed 19328K, reserved 1048576K
}
Event: 2826.120 GC heap before
{Heap before GC invocations=85 (full 0):
 garbage-first heap   total 416768K, used 150624K [0x0000000080000000, 0x0000000100000000)
  region size 1024K, 20 young (20480K), 13 survivors (13312K)
 Metaspace       used 140756K, committed 142080K, reserved 1179648K
  class space    used 18696K, committed 19328K, reserved 1048576K
}
Event: 2826.136 GC heap after
{Heap after GC invocations=86 (full 0):
 garbage-first heap   total 416768K, used 139649K [0x0000000080000000, 0x0000000100000000)
  region size 1024K, 3 young (3072K), 3 survivors (3072K)
 Metaspace       used 140756K, committed 142080K, reserved 1179648K
  class space    used 18696K, committed 19328K, reserved 1048576K
}
Event: 2827.037 GC heap before
{Heap before GC invocations=86 (full 0):
 garbage-first heap   total 416768K, used 156033K [0x0000000080000000, 0x0000000100000000)
  region size 1024K, 20 young (20480K), 3 survivors (3072K)
 Metaspace       used 140942K, committed 142208K, reserved 1179648K
  class space    used 18697K, committed 19328K, reserved 1048576K
}

