# JRE version: OpenJDK Runtime Environment (17.0.6) (build 17.0.6+0-b2043.56-10027231)
# Java VM: OpenJDK 64-Bit Server VM (17.0.6+0-b2043.56-10027231, mixed mode, tiered, compressed oops, compressed class ptrs, g1 gc, windows-amd64)
GC Precious Log:
 CPUs: 8 total, 8 available
 Memory: 7915M
 Large Page Support: Disabled
 NUMA Support: Disabled
 Compressed Oops: Enabled (32-bit)
 Heap Region Size: 1M
 Heap Min Capacity: 8M
 Heap Initial Capacity: 124M
 Heap Max Capacity: 2G
 Pre-touch: Disabled
 Parallel Workers: 8
 Concurrent Workers: 2
 Concurrent Refinement Workers: 8
 Periodic GC: Disabled
Heap:
 garbage-first heap   total 276480K, used 152518K [0x0000000080000000, 0x0000000100000000)
  region size 1024K, 4 young (4096K), 4 survivors (4096K)
 Metaspace       used 137645K, committed 138688K, reserved 1171456K
  class space    used 18357K, committed 18880K, reserved 1048576K
GC Heap History (20 events):
Event: 707.532 GC heap after
{Heap after GC invocations=40 (full 0):
 garbage-first heap   total 246784K, used 128420K [0x0000000080000000, 0x0000000100000000)
  region size 1024K, 8 young (8192K), 8 survivors (8192K)
 Metaspace       used 110503K, committed 111424K, reserved 1146880K
  class space    used 14385K, committed 14784K, reserved 1048576K
}
Event: 711.646 GC heap before
{Heap before GC invocations=40 (full 0):
 garbage-first heap   total 246784K, used 201124K [0x0000000080000000, 0x0000000100000000)
  region size 1024K, 80 young (81920K), 8 survivors (8192K)
 Metaspace       used 111878K, committed 112832K, reserved 1155072K
  class space    used 14555K, committed 15040K, reserved 1048576K
}
Event: 711.660 GC heap after
{Heap after GC invocations=41 (full 0):
 garbage-first heap   total 246784K, used 134344K [0x0000000080000000, 0x0000000100000000)
  region size 1024K, 10 young (10240K), 10 survivors (10240K)
 Metaspace       used 111878K, committed 112832K, reserved 1155072K
  class space    used 14555K, committed 15040K, reserved 1048576K
}
Event: 712.720 GC heap before
{Heap before GC invocations=41 (full 0):
 garbage-first heap   total 246784K, used 203976K [0x0000000080000000, 0x0000000100000000)
  region size 1024K, 77 young (78848K), 10 survivors (10240K)
 Metaspace       used 119353K, committed 120320K, reserved 1155072K
  class space    used 15507K, committed 16000K, reserved 1048576K
}
Event: 712.735 GC heap after
{Heap after GC invocations=42 (full 0):
 garbage-first heap   total 246784K, used 147718K [0x0000000080000000, 0x0000000100000000)
  region size 1024K, 10 young (10240K), 10 survivors (10240K)
 Metaspace       used 119353K, committed 120320K, reserved 1155072K
  class space    used 15507K, committed 16000K, reserved 1048576K
}
Event: 713.546 GC heap before
{Heap before GC invocations=42 (full 0):
 garbage-first heap   total 246784K, used 201990K [0x0000000080000000, 0x0000000100000000)
  region size 1024K, 62 young (63488K), 10 survivors (10240K)
 Metaspace       used 125134K, committed 126144K, reserved 1163264K
  class space    used 16331K, committed 16832K, reserved 1048576K
}
Event: 713.557 GC heap after
{Heap after GC invocations=43 (full 0):
 garbage-first heap   total 246784K, used 150752K [0x0000000080000000, 0x0000000100000000)
  region size 1024K, 7 young (7168K), 7 survivors (7168K)
 Metaspace       used 125134K, committed 126144K, reserved 1163264K
  class space    used 16331K, committed 16832K, reserved 1048576K
}
Event: 713.683 GC heap before
{Heap before GC invocations=43 (full 0):
 garbage-first heap   total 246784K, used 165088K [0x0000000080000000, 0x0000000100000000)
  region size 1024K, 23 young (23552K), 7 survivors (7168K)
 Metaspace       used 126582K, committed 127616K, reserved 1163264K
  class space    used 16578K, committed 17088K, reserved 1048576K
}
Event: 713.693 GC heap after
{Heap after GC invocations=44 (full 0):
 garbage-first heap   total 246784K, used 155128K [0x0000000080000000, 0x0000000100000000)
  region size 1024K, 5 young (5120K), 5 survivors (5120K)
 Metaspace       used 126582K, committed 127616K, reserved 1163264K
  class space    used 16578K, committed 17088K, reserved 1048576K
}
Event: 714.257 GC heap before
{Heap before GC invocations=45 (full 0):
 garbage-first heap   total 276480K, used 185848K [0x0000000080000000, 0x0000000100000000)
  region size 1024K, 44 young (45056K), 5 survivors (5120K)
 Metaspace       used 132386K, committed 133440K, reserved 1171456K
  class space    used 17490K, committed 17984K, reserved 1048576K
}
Event: 714.346 GC heap after
{Heap after GC invocations=46 (full 0):
 garbage-first heap   total 276480K, used 150245K [0x0000000080000000, 0x0000000100000000)
  region size 1024K, 4 young (4096K), 4 survivors (4096K)
 Metaspace       used 132386K, committed 133440K, reserved 1171456K
  class space    used 17490K, committed 17984K, reserved 1048576K
}
Event: 714.429 GC heap before
{Heap before GC invocations=46 (full 0):
 garbage-first heap   total 276480K, used 159461K [0x0000000080000000, 0x0000000100000000)
  region size 1024K, 13 young (13312K), 4 survivors (4096K)
 Metaspace       used 132577K, committed 133568K, reserved 1171456K
  class space    used 17501K, committed 17984K, reserved 1048576K
}
Event: 714.442 GC heap after
{Heap after GC invocations=47 (full 0):
 garbage-first heap   total 276480K, used 130032K [0x0000000080000000, 0x0000000100000000)
  region size 1024K, 1 young (1024K), 1 survivors (1024K)
 Metaspace       used 132577K, committed 133568K, reserved 1171456K
  class space    used 17501K, committed 17984K, reserved 1048576K
}
Event: 802.790 GC heap before
{Heap before GC invocations=47 (full 0):
 garbage-first heap   total 276480K, used 236528K [0x0000000080000000, 0x0000000100000000)
  region size 1024K, 81 young (82944K), 1 survivors (1024K)
 Metaspace       used 137100K, committed 138240K, reserved 1171456K
  class space    used 18301K, committed 18816K, reserved 1048576K
}
Event: 802.849 GC heap after
{Heap after GC invocations=48 (full 0):
 garbage-first heap   total 276480K, used 131208K [0x0000000080000000, 0x0000000100000000)
  region size 1024K, 2 young (2048K), 2 survivors (2048K)
 Metaspace       used 137100K, committed 138240K, reserved 1171456K
  class space    used 18301K, committed 18816K, reserved 1048576K
}
Event: 804.840 GC heap before
{Heap before GC invocations=49 (full 0):
 garbage-first heap   total 276480K, used 217224K [0x0000000080000000, 0x0000000100000000)
  region size 1024K, 86 young (88064K), 2 survivors (2048K)
 Metaspace       used 137262K, committed 138304K, reserved 1171456K
  class space    used 18303K, committed 18816K, reserved 1048576K
}
Event: 804.976 GC heap after
{Heap after GC invocations=50 (full 0):
 garbage-first heap   total 276480K, used 157266K [0x0000000080000000, 0x0000000100000000)
  region size 1024K, 11 young (11264K), 11 survivors (11264K)
 Metaspace       used 137262K, committed 138304K, reserved 1171456K
  class space    used 18303K, committed 18816K, reserved 1048576K
}
Event: 805.049 GC heap before
{Heap before GC invocations=50 (full 0):
 garbage-first heap   total 276480K, used 165458K [0x0000000080000000, 0x0000000100000000)
  region size 1024K, 13 young (13312K), 11 survivors (11264K)
 Metaspace       used 137262K, committed 138304K, reserved 1171456K
  class space    used 18303K, committed 18816K, reserved 1048576K
}
Event: 805.091 GC heap after
{Heap after GC invocations=51 (full 0):
 garbage-first heap   total 276480K, used 149103K [0x0000000080000000, 0x0000000100000000)
  region size 1024K, 1 young (1024K), 1 survivors (1024K)
 Metaspace       used 137262K, committed 138304K, reserved 1171456K
  class space    used 18303K, committed 18816K, reserved 1048576K
}
Event: 837.443 GC heap before
{Heap before GC invocations=51 (full 0):
 garbage-first heap   total 276480K, used 217711K [0x0000000080000000, 0x0000000100000000)
  region size 1024K, 59 young (60416K), 1 survivors (1024K)
 Metaspace       used 137645K, committed 138688K, reserved 1171456K
  class space    used 18357K, committed 18880K, reserved 1048576K
}

