# JRE version: OpenJDK Runtime Environment (17.0.6) (build 17.0.6+0-b2043.56-10027231)
# Java VM: OpenJDK 64-Bit Server VM (17.0.6+0-b2043.56-10027231, mixed mode, tiered, compressed oops, compressed class ptrs, g1 gc, windows-amd64)
GC Precious Log:
 CPUs: 8 total, 8 available
 Memory: 7915M
 Large Page Support: Disabled
 NUMA Support: Disabled
 Compressed Oops: Enabled (32-bit)
 Heap Region Size: 1M
 Heap Min Capacity: 8M
 Heap Initial Capacity: 124M
 Heap Max Capacity: 2G
 Pre-touch: Disabled
 Parallel Workers: 8
 Concurrent Workers: 2
 Concurrent Refinement Workers: 8
 Periodic GC: Disabled
Heap:
 garbage-first heap   total 293888K, used 110641K [0x0000000080000000, 0x0000000100000000)
  region size 1024K, 6 young (6144K), 6 survivors (6144K)
 Metaspace       used 133785K, committed 135168K, reserved 1171456K
  class space    used 17865K, committed 18496K, reserved 1048576K
GC Heap History (20 events):
Event: 878.432 GC heap after
{Heap after GC invocations=59 (full 0):
 garbage-first heap   total 271360K, used 112425K [0x0000000080000000, 0x0000000100000000)
  region size 1024K, 2 young (2048K), 2 survivors (2048K)
 Metaspace       used 132227K, committed 133248K, reserved 1171456K
  class space    used 17673K, committed 18176K, reserved 1048576K
}
Event: 943.425 GC heap before
{Heap before GC invocations=59 (full 0):
 garbage-first heap   total 271360K, used 171817K [0x0000000080000000, 0x0000000100000000)
  region size 1024K, 62 young (63488K), 2 survivors (2048K)
 Metaspace       used 132445K, committed 133440K, reserved 1171456K
  class space    used 17685K, committed 18176K, reserved 1048576K
}
Event: 943.456 GC heap after
{Heap after GC invocations=60 (full 0):
 garbage-first heap   total 271360K, used 117317K [0x0000000080000000, 0x0000000100000000)
  region size 1024K, 7 young (7168K), 7 survivors (7168K)
 Metaspace       used 132445K, committed 133440K, reserved 1171456K
  class space    used 17685K, committed 18176K, reserved 1048576K
}
Event: 945.616 GC heap before
{Heap before GC invocations=61 (full 0):
 garbage-first heap   total 278528K, used 258629K [0x0000000080000000, 0x0000000100000000)
  region size 1024K, 106 young (108544K), 7 survivors (7168K)
 Metaspace       used 132588K, committed 133568K, reserved 1171456K
  class space    used 17686K, committed 18176K, reserved 1048576K
}
Event: 945.637 GC heap after
{Heap after GC invocations=62 (full 0):
 garbage-first heap   total 278528K, used 144735K [0x0000000080000000, 0x0000000100000000)
  region size 1024K, 11 young (11264K), 11 survivors (11264K)
 Metaspace       used 132588K, committed 133568K, reserved 1171456K
  class space    used 17686K, committed 18176K, reserved 1048576K
}
Event: 945.698 GC heap before
{Heap before GC invocations=62 (full 0):
 garbage-first heap   total 278528K, used 147807K [0x0000000080000000, 0x0000000100000000)
  region size 1024K, 13 young (13312K), 11 survivors (11264K)
 Metaspace       used 132602K, committed 133632K, reserved 1171456K
  class space    used 17687K, committed 18176K, reserved 1048576K
}
Event: 945.713 GC heap after
{Heap after GC invocations=63 (full 0):
 garbage-first heap   total 278528K, used 115459K [0x0000000080000000, 0x0000000100000000)
  region size 1024K, 2 young (2048K), 2 survivors (2048K)
 Metaspace       used 132602K, committed 133632K, reserved 1171456K
  class space    used 17687K, committed 18176K, reserved 1048576K
}
Event: 979.150 GC heap before
{Heap before GC invocations=63 (full 0):
 garbage-first heap   total 278528K, used 173827K [0x0000000080000000, 0x0000000100000000)
  region size 1024K, 60 young (61440K), 2 survivors (2048K)
 Metaspace       used 132765K, committed 133824K, reserved 1171456K
  class space    used 17687K, committed 18176K, reserved 1048576K
}
Event: 979.166 GC heap after
{Heap after GC invocations=64 (full 0):
 garbage-first heap   total 278528K, used 120010K [0x0000000080000000, 0x0000000100000000)
  region size 1024K, 7 young (7168K), 7 survivors (7168K)
 Metaspace       used 132765K, committed 133824K, reserved 1171456K
  class space    used 17687K, committed 18176K, reserved 1048576K
}
Event: 996.020 GC heap before
{Heap before GC invocations=65 (full 0):
 garbage-first heap   total 293888K, used 263370K [0x0000000080000000, 0x0000000100000000)
  region size 1024K, 110 young (112640K), 7 survivors (7168K)
 Metaspace       used 132852K, committed 133888K, reserved 1171456K
  class space    used 17689K, committed 18176K, reserved 1048576K
}
Event: 996.023 GC heap after
{Heap after GC invocations=66 (full 0):
 garbage-first heap   total 293888K, used 110679K [0x0000000080000000, 0x0000000100000000)
  region size 1024K, 1 young (1024K), 1 survivors (1024K)
 Metaspace       used 132852K, committed 133888K, reserved 1171456K
  class space    used 17689K, committed 18176K, reserved 1048576K
}
Event: 996.092 GC heap before
{Heap before GC invocations=66 (full 0):
 garbage-first heap   total 293888K, used 123991K [0x0000000080000000, 0x0000000100000000)
  region size 1024K, 14 young (14336K), 1 survivors (1024K)
 Metaspace       used 132874K, committed 133952K, reserved 1171456K
  class space    used 17692K, committed 18240K, reserved 1048576K
}
Event: 996.100 GC heap after
{Heap after GC invocations=67 (full 0):
 garbage-first heap   total 293888K, used 107677K [0x0000000080000000, 0x0000000100000000)
  region size 1024K, 2 young (2048K), 2 survivors (2048K)
 Metaspace       used 132874K, committed 133952K, reserved 1171456K
  class space    used 17692K, committed 18240K, reserved 1048576K
}
Event: 996.334 GC heap before
{Heap before GC invocations=67 (full 0):
 garbage-first heap   total 293888K, used 147613K [0x0000000080000000, 0x0000000100000000)
  region size 1024K, 43 young (44032K), 2 survivors (2048K)
 Metaspace       used 133212K, committed 134336K, reserved 1171456K
  class space    used 17754K, committed 18304K, reserved 1048576K
}
Event: 996.339 GC heap after
{Heap after GC invocations=68 (full 0):
 garbage-first heap   total 293888K, used 112290K [0x0000000080000000, 0x0000000100000000)
  region size 1024K, 7 young (7168K), 7 survivors (7168K)
 Metaspace       used 133212K, committed 134336K, reserved 1171456K
  class space    used 17754K, committed 18304K, reserved 1048576K
}
Event: 1013.503 GC heap before
{Heap before GC invocations=69 (full 0):
 garbage-first heap   total 293888K, used 274082K [0x0000000080000000, 0x0000000100000000)
  region size 1024K, 125 young (128000K), 7 survivors (7168K)
 Metaspace       used 133597K, committed 134912K, reserved 1171456K
  class space    used 17828K, committed 18432K, reserved 1048576K
}
Event: 1013.507 GC heap after
{Heap after GC invocations=70 (full 0):
 garbage-first heap   total 293888K, used 107861K [0x0000000080000000, 0x0000000100000000)
  region size 1024K, 2 young (2048K), 2 survivors (2048K)
 Metaspace       used 133597K, committed 134912K, reserved 1171456K
  class space    used 17828K, committed 18432K, reserved 1048576K
}
Event: 1013.555 GC heap before
{Heap before GC invocations=70 (full 0):
 garbage-first heap   total 293888K, used 119125K [0x0000000080000000, 0x0000000100000000)
  region size 1024K, 14 young (14336K), 2 survivors (2048K)
 Metaspace       used 133599K, committed 134912K, reserved 1171456K
  class space    used 17828K, committed 18432K, reserved 1048576K
}
Event: 1013.559 GC heap after
{Heap after GC invocations=71 (full 0):
 garbage-first heap   total 293888K, used 106445K [0x0000000080000000, 0x0000000100000000)
  region size 1024K, 2 young (2048K), 2 survivors (2048K)
 Metaspace       used 133599K, committed 134912K, reserved 1171456K
  class space    used 17828K, committed 18432K, reserved 1048576K
}
Event: 1013.725 GC heap before
{Heap before GC invocations=71 (full 0):
 garbage-first heap   total 293888K, used 135117K [0x0000000080000000, 0x0000000100000000)
  region size 1024K, 31 young (31744K), 2 survivors (2048K)
 Metaspace       used 133785K, committed 135168K, reserved 1171456K
  class space    used 17865K, committed 18496K, reserved 1048576K
}

