# JRE version: OpenJDK Runtime Environment (17.0.6) (build 17.0.6+0-b2043.56-10027231)
# Java VM: OpenJDK 64-Bit Server VM (17.0.6+0-b2043.56-10027231, mixed mode, tiered, compressed oops, compressed class ptrs, g1 gc, windows-amd64)
GC Precious Log:
 CPUs: 8 total, 8 available
 Memory: 7915M
 Large Page Support: Disabled
 NUMA Support: Disabled
 Compressed Oops: Enabled (32-bit)
 Heap Region Size: 1M
 Heap Min Capacity: 8M
 Heap Initial Capacity: 124M
 Heap Max Capacity: 2G
 Pre-touch: Disabled
 Parallel Workers: 8
 Concurrent Workers: 2
 Concurrent Refinement Workers: 8
 Periodic GC: Disabled
Heap:
 garbage-first heap   total 412672K, used 187481K [0x0000000080000000, 0x0000000100000000)
  region size 1024K, 111 young (113664K), 23 survivors (23552K)
 Metaspace       used 98837K, committed 99584K, reserved 1138688K
  class space    used 13331K, committed 13696K, reserved 1048576K
GC Heap History (20 events):
Event: 4.771 GC heap before
{Heap before GC invocations=12 (full 0):
 garbage-first heap   total 86016K, used 68223K [0x0000000080000000, 0x0000000100000000)
  region size 1024K, 34 young (34816K), 4 survivors (4096K)
 Metaspace       used 53237K, committed 53760K, reserved 1097728K
  class space    used 7116K, committed 7360K, reserved 1048576K
}
Event: 4.814 GC heap after
{Heap after GC invocations=13 (full 0):
 garbage-first heap   total 86016K, used 43389K [0x0000000080000000, 0x0000000100000000)
  region size 1024K, 5 young (5120K), 5 survivors (5120K)
 Metaspace       used 53237K, committed 53760K, reserved 1097728K
  class space    used 7116K, committed 7360K, reserved 1048576K
}
Event: 4.818 GC heap before
{Heap before GC invocations=13 (full 0):
 garbage-first heap   total 86016K, used 43389K [0x0000000080000000, 0x0000000100000000)
  region size 1024K, 7 young (7168K), 5 survivors (5120K)
 Metaspace       used 53237K, committed 53760K, reserved 1097728K
  class space    used 7116K, committed 7360K, reserved 1048576K
}
Event: 4.834 GC heap after
{Heap after GC invocations=14 (full 0):
 garbage-first heap   total 146432K, used 45230K [0x0000000080000000, 0x0000000100000000)
  region size 1024K, 2 young (2048K), 2 survivors (2048K)
 Metaspace       used 53237K, committed 53760K, reserved 1097728K
  class space    used 7116K, committed 7360K, reserved 1048576K
}
Event: 5.250 GC heap before
{Heap before GC invocations=14 (full 0):
 garbage-first heap   total 146432K, used 83118K [0x0000000080000000, 0x0000000100000000)
  region size 1024K, 38 young (38912K), 2 survivors (2048K)
 Metaspace       used 58733K, committed 59264K, reserved 1105920K
  class space    used 7800K, committed 8064K, reserved 1048576K
}
Event: 5.253 GC heap after
{Heap after GC invocations=15 (full 0):
 garbage-first heap   total 146432K, used 47262K [0x0000000080000000, 0x0000000100000000)
  region size 1024K, 4 young (4096K), 4 survivors (4096K)
 Metaspace       used 58733K, committed 59264K, reserved 1105920K
  class space    used 7800K, committed 8064K, reserved 1048576K
}
Event: 5.308 GC heap before
{Heap before GC invocations=15 (full 0):
 garbage-first heap   total 146432K, used 52382K [0x0000000080000000, 0x0000000100000000)
  region size 1024K, 10 young (10240K), 4 survivors (4096K)
 Metaspace       used 59573K, committed 60096K, reserved 1105920K
  class space    used 7882K, committed 8128K, reserved 1048576K
}
Event: 5.310 GC heap after
{Heap after GC invocations=16 (full 0):
 garbage-first heap   total 146432K, used 47047K [0x0000000080000000, 0x0000000100000000)
  region size 1024K, 4 young (4096K), 4 survivors (4096K)
 Metaspace       used 59573K, committed 60096K, reserved 1105920K
  class space    used 7882K, committed 8128K, reserved 1048576K
}
Event: 5.741 GC heap before
{Heap before GC invocations=17 (full 0):
 garbage-first heap   total 146432K, used 96199K [0x0000000080000000, 0x0000000100000000)
  region size 1024K, 46 young (47104K), 4 survivors (4096K)
 Metaspace       used 65184K, committed 65728K, reserved 1105920K
  class space    used 8646K, committed 8896K, reserved 1048576K
}
Event: 5.745 GC heap after
{Heap after GC invocations=18 (full 0):
 garbage-first heap   total 146432K, used 51517K [0x0000000080000000, 0x0000000100000000)
  region size 1024K, 6 young (6144K), 6 survivors (6144K)
 Metaspace       used 65184K, committed 65728K, reserved 1105920K
  class space    used 8646K, committed 8896K, reserved 1048576K
}
Event: 5.756 GC heap before
{Heap before GC invocations=18 (full 0):
 garbage-first heap   total 146432K, used 52541K [0x0000000080000000, 0x0000000100000000)
  region size 1024K, 7 young (7168K), 6 survivors (6144K)
 Metaspace       used 65308K, committed 65856K, reserved 1105920K
  class space    used 8668K, committed 8896K, reserved 1048576K
}
Event: 5.758 GC heap after
{Heap after GC invocations=19 (full 0):
 garbage-first heap   total 146432K, used 52187K [0x0000000080000000, 0x0000000100000000)
  region size 1024K, 1 young (1024K), 1 survivors (1024K)
 Metaspace       used 65308K, committed 65856K, reserved 1105920K
  class space    used 8668K, committed 8896K, reserved 1048576K
}
Event: 6.211 GC heap before
{Heap before GC invocations=19 (full 0):
 garbage-first heap   total 146432K, used 100315K [0x0000000080000000, 0x0000000100000000)
  region size 1024K, 48 young (49152K), 1 survivors (1024K)
 Metaspace       used 70756K, committed 71296K, reserved 1114112K
  class space    used 9387K, committed 9664K, reserved 1048576K
}
Event: 6.228 GC heap after
{Heap after GC invocations=20 (full 0):
 garbage-first heap   total 146432K, used 54300K [0x0000000080000000, 0x0000000100000000)
  region size 1024K, 3 young (3072K), 3 survivors (3072K)
 Metaspace       used 70756K, committed 71296K, reserved 1114112K
  class space    used 9387K, committed 9664K, reserved 1048576K
}
Event: 6.735 GC heap before
{Heap before GC invocations=21 (full 0):
 garbage-first heap   total 146432K, used 105500K [0x0000000080000000, 0x0000000100000000)
  region size 1024K, 52 young (53248K), 3 survivors (3072K)
 Metaspace       used 75877K, committed 76544K, reserved 1122304K
  class space    used 10039K, committed 10368K, reserved 1048576K
}
Event: 6.740 GC heap after
{Heap after GC invocations=22 (full 0):
 garbage-first heap   total 146432K, used 58517K [0x0000000080000000, 0x0000000100000000)
  region size 1024K, 7 young (7168K), 7 survivors (7168K)
 Metaspace       used 75877K, committed 76544K, reserved 1122304K
  class space    used 10039K, committed 10368K, reserved 1048576K
}
Event: 6.767 GC heap before
{Heap before GC invocations=22 (full 0):
 garbage-first heap   total 146432K, used 59541K [0x0000000080000000, 0x0000000100000000)
  region size 1024K, 8 young (8192K), 7 survivors (7168K)
 Metaspace       used 76006K, committed 76672K, reserved 1122304K
  class space    used 10053K, committed 10368K, reserved 1048576K
}
Event: 6.774 GC heap after
{Heap after GC invocations=23 (full 0):
 garbage-first heap   total 412672K, used 58082K [0x0000000080000000, 0x0000000100000000)
  region size 1024K, 1 young (1024K), 1 survivors (1024K)
 Metaspace       used 76006K, committed 76672K, reserved 1122304K
  class space    used 10053K, committed 10368K, reserved 1048576K
}
Event: 9.579 GC heap before
{Heap before GC invocations=23 (full 0):
 garbage-first heap   total 412672K, used 303842K [0x0000000080000000, 0x0000000100000000)
  region size 1024K, 241 young (246784K), 1 survivors (1024K)
 Metaspace       used 93245K, committed 93888K, reserved 1130496K
  class space    used 12638K, committed 12928K, reserved 1048576K
}
Event: 9.617 GC heap after
{Heap after GC invocations=24 (full 0):
 garbage-first heap   total 412672K, used 79961K [0x0000000080000000, 0x0000000100000000)
  region size 1024K, 23 young (23552K), 23 survivors (23552K)
 Metaspace       used 93245K, committed 93888K, reserved 1130496K
  class space    used 12638K, committed 12928K, reserved 1048576K
}

